<?xml version="1.0" encoding="UTF-8"?>
<!-- Generated by org.testng.reporters.JUnitReportReporter -->
<testsuite hostname="Bineesh" failures="0" tests="1" name="testpkg.Pageloading" time="7.823" errors="0" timestamp="2024-04-25T11:58:47 IST" skipped="0">
  <testcase classname="testpkg.Pageloading" name="setup" time="7.823"/>
</testsuite> <!-- testpkg.Pageloading -->
