<?xml version="1.0" encoding="UTF-8"?>
<!-- Generated by org.testng.reporters.JUnitReportReporter -->
<testsuite hostname="Bineesh" failures="0" tests="1" name="testpkg.Fblogintest" time="0.022" errors="0" timestamp="2024-04-27T11:54:44 IST" skipped="0">
  <testcase classname="testpkg.Fblogintest" name="verifyLoginWithValidCred" time="0.022"/>
</testsuite> <!-- testpkg.Fblogintest -->
